<?xml version="1.0" encoding="UTF-8"?>
<!-- Generated by org.testng.reporters.JUnitReportReporter -->
<testsuite skipped="0" hostname="DESKTOP-EK7ECLP" name="com.backend.runner.BackEndTask_1" tests="1" failures="0" timestamp="09 Nov 2020 11:08:35 GMT" time="5.969" errors="0">
  <testcase name="retrieveAndConvertCurrency" time="5.969" classname="com.backend.runner.BackEndTask_1"/>
</testsuite> <!-- com.backend.runner.BackEndTask_1 -->
